-485
345
302
291
-397
-798
-1
327
-240
-1250
203
1558
-243
629
-161
-467
-115
-1328
-24
1404
-1252
-655
-1189
1570
-824
-864
488
617
252
-923
873
1521
1137
1231
-255
501
550
35
-1600
-570
-533
-463
-657
-750
442
108
1062
-417
1834
429
-57
-1403
382
-319
-473
769
1532
717
-1234
596
739
294
-20
-70
1022
1114
1170
1411
-1037
-22
-623
147
-47
820
-62
1113
-949
1327
-122
818
915
-390
-1450
-919
-334
-365
-660
-143
183
-328
1294
1143
814
116
-1342
-131
169
1889
-51
-108
-1547
140
291
1228
-160
-640
1399
-1632
-152
-453
59
-449
1254
408
-30
815
-730
1943
1012
-249
539
812
-1156
66
461
-1659
-525
-87
-543
-156
-102
173
190
-801
276
285
841
-1179
-415
144
-666
-320
756
-871
625
1796
-1033
1441
176
-1405
-227
1100
840
-502
1015
-123
-193
470
-768
-881
-308
-244
-339
395
263
-678
1178
23
-999
618
1091
-668
179
-679
559
-542
-704
1224
-1826
499
910
-304
898
-735
1571
635
533
-105
381
1049
-312
1327
456
187
-1209
322
182
-1583
1028
1285
1178
193
1508
-119
-669
-697
493
-544
-554
1294
215
-1807
281
727
-1335
1124
38
109
1049
550
-1214
1789
268
52
776
-405
-1275
-1238
-1295
-1378
210
-88
59
1155
-648
-156
673
-636
-786
-248
261
749
-1054
-378
-372
1659
1564
197
-791
151
-1281
-327
-716
-782
393
137
1061
969
64
159
1169
1369
446
1504
290
-1043
-116
871
1295
-3
-807
-739
-784
302
-813
-147
-1451
-1161
906
-314
492
-723
-410
229
-26
-1431
-1302
-745
379
-1085
-349
-1542
21
-1332
-412
-506
675
-79
-712
-902
1434
106
-1675
171
840
-887
891
1919
-1306
846
1373
909
-802
1603
588
-92
512
351
-757
498
-583
-1309
-169
598
-194
-893
-1098
196
-1014
-297
513
-1616
854
380
576
-728
-235
615
194
-65
290
506
847
-1153
88
-239
445
782
-1393
849
213
1025
-291
-531
-1
36
498
1530
-361
-411
-986
-5
-1172
-1543
933
477
77
1358
-1186
-104
-414
-878
1288
-457
-618
132
-63
-1704
-1406
1468
-1450
1126
-300
-820
27
-630
335
417
35
943
249
-1439
-1482
-1095
-442
1228
1048
410
283
1034
-37
290
9
-559
595
-210
715
-517
3
470
-74
-151
-1518
-511
823
-341
-635
-1119
-758
-85
355
928
250
-290
7
-980
1691
528
659
-1158
1194
1516
1680
935
-355
876
529
1095
337
-1125
-985
14
-1219
1631
-150
1543
-1046
1463
1234
-40
-5
719
441
-1385
1450
-956
1303
385
-1187
-1059
340
1814
-1116
1445
139
1232
-644
620
629
-928
76
-1315
-570
-200
-270
214
-842
1269
1072
94
-239
943
103
1755
-1608
402
-921
338
15
-1240
-1460
-944
-1103
-282
-94
285
1839
1213
-325
329
448
213
463
1322
-1454
-479
728
-748
-161
1283
833
943
-119
-1218
9
1098
366
298
547
-1121
-988
1202
689
346
196
-731
535
-463
-1253
746
774
-59
1028
-125
-232
-1442
-560
-62
412
-792
200
-1099
136
-460
691
67
533
1471
-1645
-932
-91
451
1199
-135
-405
751
280
-362
878
-397
-1356
803
-1248
-1796
142
-763
-515
-941
251
1492
148
306
-356
678
1037
-14
656
47
135
-1317
530
-66
-52
-829
-403
1193
-1020
508
511
609
275
438
-672
-788
-29
386
-203
0
-466
-475
-504
43
-77
-203
-106
-544
-588
1165
-997
444
1388
-1069
-593
-1532
-324
-159
1218
-1032
-272
567
937
-1296
-74
1423
-1315
-1126
195
65
1245
785
87
802
-1296
-419
327
-100
-100
-491
-1071
-469
969
-1036
926
-122
197
969
601
-866
-1104
666
80
-101
-99
677
332
883
-379
713
-92
-1421
939
-1320
-1374
-1101
931
-1125
-295
547
726
-241
1592
-696
-36
632
-101
-320
-219
143
-1250
-934
-692
-650
468
-737
-1244
1057
-883
253
174
1152
-1448
-192
1256
1041
-664
-1174
-208
-734
-673
508
1595
376
-617
542
-33
-36
-705
240
755
579
-793
288
-36
493
120
409
-1794
-33
-1094
-735
499
415
-647
-931
-512
526
470
-1053
-238
318
-269
1264
177
814
197
751
1198
-318
510
-178
-532
-570
334
495
775
-730
-1561
429
322
-369
549
-666
174
130
352
869
-589
-1112
-1777
-1054
1160
976
653
385
-1394
589
-738
510
1434
-61
-1074
625
-535
-86
287
-734
1491
-255
1246
-751
1431
461
-387
-606
-398
-1061
-81
-510
1145
-1630
-1265
604
-560
-596
-369
326
-38
-1002
586
1743
384
1115
244
-694
287
999
-711
-1630
719
435
-520
567
-205
648
510
-975
352
-168
333
1304
-198
287
-936
811
54
-1297
291
53
-566
-1165
-491
-1409
-304
743
112
20
-747
-206
969
352
1211
331
-1071
755
232
-345
-793
981
534
768
303
-524
1119
909
24
1822
681
-32
-251
-1102
1052
274
-70
-250
-1062
-330
1534
-1633
-789
-143
119
-1336
1100
-92
294
-720
-706
-564
-691
511
-1004
-586
73
1260
-430
-1265
970
783
823
-862
-750
482
-815
1233
-1809
-1052
378
231
-685
-223
1077
-774
-519
745
209
-1659
-1379
114
-856
-767
1138
467
-494
-268
271
1630
-2
-180
-1026
205
-1196
1412
-951
167
-551
21
-1422
-832
-638
433
-263
-1398
-1103
-910
316
-343
-447
-99
-436
990
330
-1620
-1787
12
1497
1259
1455
954
-351
-466
553
-1399
1036
428
615
-21
-171
53
-361
-1254
-146
875
-297
1312
-136
1872
-1033
240
803
489
-85
-38
-345
-521
585
-95
-570
-351
-1220
-1398
689
515
-1265
285
66
-1165
820
-600
-1259
-1213
793
-851
-815
1946
-1094
-198
460
-839
980
-426
