-132742113
-961944803
-1602742005
-1253970019
1746901760
-466764091
657873682
620824508
-1920213969
-1724426340
1687909189
-1220376948
150453178
-412150361
25402816
24288657
1266495
-644917163
-712000633
-1178410694
103546428
1413857848
143305423
704853168
-41237623
-638069464
1405629621
447832289
-345847075
1284927068
-852719231
331593110
-34166650
-700742605
-43441427
-443100468
191010659
1084038502
271885506
731464178
-595682191
-435778603
-226012574
1415119629
79471619
1381240999
-440591836
448957622
806951595
641937916
909504794
-185837485
223702959
1863077889
-628911015
1079507000
74332726
953978683
148522251
-733788606
-13534613
1747456389
460459786
15227872
-946465822
-1121925348
-510906820
479684350
-396620921
-166545322
211621743
-192583542
381059514
-1308647794
-1458780857
-336980914
1260646633
-59293576
-834046872
-1276488109
101624493
528458843
804478822
-774029200
234602505
-652952527
-579704856
741034413
-848533853
-223195702
-578344244
-849152656
-25727046
-1501596
-756684298
860825748
104322122
398959821
741859834
-706114496
-1139893696
1122446828
338259843
279562703
500794281
-163668722
-250674771
293054865
-130237542
-601286147
685159772
1401803644
-1219970379
611944561
-636608565
131360883
-306785689
153191877
-61977850
1664741708
38981795
564027516
958451075
-12363942
481246295
-367808075
-1220033481
500360140
867094359
-958585352
1258888892
1252062119
735488935
714945660
814082452
-377569872
-1087598078
-663588993
-463372009
1437009956
-413413797
1889147736
-228201142
-468868939
247695298
-576305977
-92178052
853957838
-209075236
-56651884
-885004893
868249280
-1527596665
-942939076
-541090630
-373163441
-393208105
984035516
262099421
-873367274
-1636537014
-1082456961
689225661
-1132385864
-1261273484
338320483
-1619733310
-1140715156
441852589
1200588507
1090702790
-242637267
844438012
-985862865
-623756405
-580207661
1335138177
-671468882
-1097193301
-484985751
-375194441
-241978267
1642238380
-1548834748
-140523334
-127570954
-382780934
413497126
-386303233
734303505
1054902286
605659988
529781321
-458900082
907273312
777162053
-962272228
-439482797
600718907
-1320762067
646279446
-26578015
-151483459
-262787786
-553935680
141745627
-882924513
265485555
78948255
-86469446
1239735301
14499119
211248847
-1636673041
302982566
-43162145
20728768
-356082535
-264692358
532413175
943826501
-79055352
599358596
-897786507
-1131201708
-1564608247
-1494910362
-580246711
-614014185
76299971
524371608
-826985440
180319082
1199759863
439743888
1186431973
221624555
-399786424
-659053749
-1103560556
-721775490
-611011743
906016877
26421141
990673857
513741630
127032399
-460818259
-90925506
-941567633
91525225
871616139
-196701672
824356461
-534890503
1310834325
316999815
794585424
-599876359
101255795
111645914
-166561348
441470803
-598340752
178956597
-378655314
-1129102653
243229629
-128736933
463283677
543665986
285746944
250584258
-691971761
527574243
-348007434
281510203
27455829
-1622222672
961033947
-981100695
-379427585
-1648811965
205639924
147925830
916563989
-919362251
1102570314
1371147084
1293940192
-762396765
-47645299
-186860193
35781896
1828673009
-1734249033
-323256693
-997495826
-12612224
283222192
-794111607
983050655
-344377177
788263845
-1871083702
199841139
1246317450
-602456205
-1336579551
-1392569953
-789470112
77832076
876922598
-432662758
661712067
-509055191
123979748
1724156475
-36961177
529265863
1017726380
715180594
-852719768
1124801626
1021843547
874818814
-71916062
1040143736
-1239325528
769664194
-293805197
-930584111
1705354673
-485843461
-1911818
-288691917
1468985835
-1116184487
37632991
652699360
903888105
-1242929734
926540482
1550741235
-1194838226
146404366
-968126848
-1864660434
1224975414
-385086821
-1626396704
451655503
-162275385
-623475790
1025737776
-19890282
230880141
639048729
-291595173
-590697871
-115168989
1410672201
-1453455456
-1265836191
496327267
-600676733
960211372
1304257776
-560675928
-762422085
-822472581
-1116528235
-379008495
1513868714
-479598066
789572326
53837053
828617402
1466864303
-400407719
-1773941011
766931455
789731893
-1320570824
-138573836
-410080631
-344023172
-961903794
-346905673
-888733658
562993820
36704565
702436737
336223311
-1065687573
-1466906277
626083440
-399875078
400866750
1065654046
-517348536
30081678
-386776786
1191259921
463116227
926656732
1677573368
30205449
820597544
-962495069
-948721823
847088526
1094232318
-606589434
-1023822722
1088948008
17464281
-283970570
-1934441696
-1229915965
-739764981
-541451179
-943475575
1656646821
1146842590
781107703
13849049
-1012054880
164289169
275098461
-847372544
624979000
265053405
48967892
-765638048
-308937756
92070177
-1277332279
1153577742
317114942
-1583914635
-837294597
-670976315
998878763
-314315786
-1520939951
-785430560
-231942128
-1198306508
1065015579
-410912535
881726682
-41154502
-1371139001
1197976515
-888251629
127004911
412174111
-706291481
1080588000
-1089198001
121971224
816818476
1013194864
162678146
-1535673263
458321099
1121607733
872463626
1133902241
-63963020
-680287264
-734555997
1135430522
651700990
106947293
115908882
-684375382
-952148535
894576803
1767769454
-1154119195
503430521
-88918135
520622580
-1854362507
118578564
-247282528
418084199
-830165192
468404858
-879497872
1713240704
-1388487373
336822534
915388918
-978161711
-982531497
1614174915
-702632805
278055077
240436853
-157363065
-201751160
350650565
765040510
-1113308303
590946208
804801431
281954869
-637042714
221487924
472110937
-819045976
-880853458
662757026
-1281769634
862354904
-104759460
-68493028
-872625867
1078402909
725964306
743210866
-618091534
461951761
-1407345240
701654908
-229052170
1730268704
-990527383
423803563
-121552509
-677637602
-916743595
180192330
8077562
-1449562230
490908065
-1061343515
-20744834
-650011565
1000699176
-247696537
-838593884
1417353701
-1168056048
-1610596410
93428809
622072585
-197661156
576267405
-1591445261
-1008021898
-1319691978
1038697726
-687732250
-1030560894
634629415
511100638
522656615
1438535101
-532132013
363699074
346090174
343436834
-1117190007
219620102
-1081881688
1491090945
514314067
-1087400544
11792918
5496895
-244101496
800287930
1868287499
1013863436
208795865
-1441544674
-547377944
364685086
-1127389218
-649890335
-222518643
-399039811
-415003300
105808113
1438359941
553583504
360704166
572853894
-1946955
-463421684
1537805472
-315373796
-262641162
-1003389935
608333116
-1169431227
-1474876707
-184658980
1250612594
-469089340
756249837
498915259
834086217
1466493330
255480658
-745822715
-849697569
91319684
218230599
-267396775
-157086460
902745473
-838368320
-288527553
-409395397
-414170285
1596434282
-375485397
7717324
-326141078
299010214
-2734372
322162925
1047347354
-303589407
353456631
-577230286
-290803624
-1424494884
-722818512
1189657855
-754863196
422648475
-460484544
148675167
1843027870
-790261237
790772990
-346110015
-1915313565
-67843533
-596675922
222745267
19554153
-173998329
504151689
-313363178
-1081791993
1543451715
251721281
1050325431
-1131231085
-665547528
180453985
-229574160
1019996527
-361542160
-876984264
-974941942
-1703678286
37217341
1456752812
-1522422999
-209040139
-161695263
-887747891
-268982172
657756255
-199008917
-1472456098
-663804708
-458708960
-572047256
896123050
656771804
288898478
-1124162909
82829723
185890678
748140602
-197005389
-7468252
104510476
715681867
550808375
362238959
1257839111
542692041
-812486958
635853432
-209121038
1256725693
-843138168
-387805589
981008064
-1670627419
-166962179
901209406
-165360051
-758982652
31177164
412988689
996368086
-869022615
-369688658
-900953302
193611069
472967936
107706572
-351093436
-342635523
1167187981
-628473902
833929955
844559891
-102594661
-208145415
508328994
51652217
1183922145
1461167624
-65526474
-934189989
-704850258
-936063876
24957852
202059436
-211592929
-1471917850
-990808386
-1351491034
249473195
83480495
-975382456
-1284264947
-51981586
53393268
-884145642
-1062106875
-138201004
944079665
971379672
1034282039
928311535
-197095744
872493226
-1181278856
-520749829
239595611
946851435
-1155695038
1432875728
1627378131
-201972562
1592713115
1262735365
-703614937
-1124596345
-734414738
138628321
484144682
790669268
1254622918
-172885794
93023449
-327897669
900894168
-818255702
134962461
68167580
999243756
-645867814
149229082
305575879
-31917340
144728164
-932342059
-157861392
65413270
57905232
994993542
1189858049
-1629276558
1227708829
1023225339
40626669
935792758
-682854513
229067290
-170920088
1616354822
-714803016
-126705965
133158127
-152215736
-143525832
636014775
-1561726630
-533028803
-306501661
-403362032
-40983593
-86452406
1528708203
1179784504
-1065234993
8999356
-47355168
-52488286
1440897203
-1492934076
124843260
821760742
388885133
1411078759
1540433567
957859364
1483233471
-44208316
-347569559
12983529
1114739815
-460433207
-801436724
-1145066243
-96568790
35990298
-210623126
900094105
1210338413
103262972
-611441626
523439009
1240129575
-713845588
396707689
9738087
256155946
-184472165
48437923
229222812
1810964108
-659125173
925377360
-674725055
435800843
-65511745
-256212985
35289253
-553964457
1303173879
623362943
786379176
-1036527199
544264490
-1508444052
-132322842
385274848
331171965
-111822533
68525398
-293008575
-856401409
-217854368
910288614
-1043660166
-364346914
424447155
-857453086
752734666
229276028
485574826
138600190
258933199
330036898
828671815
-847222616
-463496380
-695713574
1489147888
546602218
689839227
-274563355
212360708
-725430988
53233824
1451739647
1431896602
-449320643
663902957
173670793
49815936
1650311961
590411896
102352310
266564594
-1395532141
-169297289
336230608
1091741789
30539971
1137616171
-110761951
1123871803
-80655187
-512930605
-998220168
-239402531
414673480
-207278297
-520965075
-133661492
-285380887
189843851
-954902450
-1226240657
446920914
-729074729
1349737211
-684950137
745459700
-490359893
-760986577
290349044
301620251
-717717905
-337073813
-14159547
1516889624
-1171357644
-30456739
-418307956
-149903047
-40818856
1461027408
-792720235
944256020
-1070193759
1010027337
-303950098
-1348354890
82297273
626290546
232540669
1563370918
27812480
-1023935624
77448034
373350234
-1194473907
299787960
1703674010
-174741265
291434545
1176855693
-386798189
345565078
-1469862269
-1111623978
972847000
154861452
-1885503267
-1031293796
-460142592
850865196
652715880
-738618715
155196143
-833315656
-823648658
-480945547
-999300229
722541151
434626513
72921204
-567793332
1350863987
-130456569
1802221355
-1553445685
-1666292437
537218579
857828542
-568733696
-871529041
528935811
591085381
78697827
859254591
-964149325
-1066369020
96978293
561145583
1095419234
-1148564407
368651715