933112810867570844
-132241336224588607
21172492183891623
-183972486835165794
605648114828554984
597940625882512262
179229044663389402
-1129188415917306809
-467033398196284614
-436808537880825932
-767809186894303243
-662753505147915617
-1160900635756270951
-993835791999407263
57863296282394993
-60078919186926560
-691200158819225842
810905399556079969
-607444413320237108
726317957104508502
-216896606967125980
680489728913268262
-1306883086586573458
939843740090898408
724988744279832691
664060168168621459
-389112958832257573
418646002972960195
-211151320716810680
-1319569527375494748
719682727777319021
-1140342401213910071
1107151952924292820
436732204874326483
558122398385263995
-441157327424351460
715775993174528215
422978374870465777
-681428059572563286
223551548205990919
50790453626361486
942966031182860433
644183387202187508
-539429800697007132
-1523954931467779379
1424145711687991481
1057072155377026636
-457705110787740411
829799564267712462
741031341840319091
524483686940907458
-1230023363064680569
566794946257714883
-111337184748799630
1505812613970367799
-141402077745678926
704989882763290017
16231815027655845
-850817809249860297
1430347749662960975
721426554228982957
-462905426100907652
-782822270480772605
-157585535250165088
-540568225379714349
568066937106691513
-871204868096827142
-118072803247423003
1621343200176135592
1105576925830091950
-961012385071897868
-535173004810882054
1376153382862663469
-1879195497453572832
-254518313265941351
-1254491873429072978
-1103046850640111999
1272007600315821313
375969769808880238
838698312924771394
578932212103721747
824223127783645552
718518245377146004
507760641456852464
-421974472589769175
-129688892016946254
-1082304464383465131
331915794962716988
1025108938289759217
-750282823731540845
-399917309261918522
779388711046736881
267009252015769070
540735263332732487
519428478956907268
-924402677286886097
-486625307995277027
-266565880675374709
575247051126417670
910926359856908590
-622492063639299157
79718505934153704
-631620977222600714
-1451635474074698926
315132386319548268
-387663462485662114
-1615530860599625259
-1012973095470130011
-1011304917884589648
-695306110604824891
1220410584277364685
-1462573765786537687
-712842479134588408
1464491832082602877
550719688381439965
-232040144338388966
883907581427747816
800516112878872332
-595785432483259113
1523418787874077819
404438538427061833
-150153234776233671
-590771181492618391
-259768197860014888
-774656545697556343
123696739550987207
-603621793475905099
422964991725657297
-393157056117074144
-87543612666120985
429591222505819137
-1475269990937299038
645669306337156450
-612992295883993062
819647362681411056
-411795706335416096
333552418291565990
-8307855744668955
595008290761881757
712905813540925396
1323286054301143404
1911855153023714570
649825540167592525
438050109307161135
-564994875750367925
-541346848866833683
-445665853736104117
960661678438429645
-672550216935315294
-629314627063203539
-789470458001510560
-1379184085553637144
6918180057640697
159789356919664979
-106036087380415810
-1831959951429078278
-60711580490194931
-1049190035973886521
-94272735706221908
274794778273131947
-1464745717104186833
-1134479432179027249
-288530446709416269
-932840716387587294
-923726819904590769
-1132237773501444825
994753976250886631
-615565289488902541
-1541078682429630750
717473298749585913
-516463216581159892
11587163421931602
552574737449881742
771418960504801956
-595024133263566085
1070059424056395519
-678245292305301458
-985579222461893999
-629103905335349329
1280344246382000646
322478223942157655
-490581675799819447
-321616624168362773
66932262055657228
-558787817019532267
554773196862913927
-95636231393537725
-1401678165705754109
597164125941838078
882940368848457382
815503380607080961
237920665817507840
-614987782699219754
-850680657267852266
-596782272696897687
-90149881411024595
-26574563716406607
523550028198099940
193125146970994083
1254692322322828472
37763968369650313
565237625224324247
747795945416228583
-941481315534308615
-203075856480325726
-885967493833245668
-207969912926572194
817195766997145982
-918454657811764013
-446673849777956620
-416072452925612665
-329535193928854290
158148440007715928
-775348989626320831
521548535960024780
-428377257742229980
979295778336401889
-406367092586723323
-236218671292787481
-1226467193609440229
1592494711436751273
-882878287186804269
-771701602901666144
-1271656870516145504
649150687678997098
638601932483982672
-275834677790544766
365698319787115621
477220274428770327
-738943406880456327
1209340401420657738
1796936463413423726
-161214293493338008
-172427399582441898
485657564976539802
-1482134570411635270
-1074879945811542690
-244528745113254192
-110600578530517245
1116689715944906679
-1581673315567501096
574142014030062939
961759295794995999
766042770221445618
-121451190673513380
105174290567657081
-243899176397369829
-1468279235291939190
-798364139819282566
904149228329165570
638351529731886891
473019596648070901
1078970179931809636
-242233545371010892
-829743783290810948
994741656688544574
-1087595975173542379
-286710400215908300
55261875382270378
-1750787040798741681
-37593292421901091
1356559494788291571
-1488597432770877332
-304263739318774436
-628686603481139
-660040972337186623
116556765805227961
1422272744594181934
-323620595306215541
-689087561217745142
294937492562189487
1438561928273431831
-783369624313127652
3503091130121285
-285204031414889673
-364925607939082100
-424548443248068044
-649585882988201368
1874180523573057192
-184930256838114657
-471461790901672914
227603960063444073
635906594884757993
675004581877198695
-350849575799859112
-772048331894233222
-548825331430328151
-79035379632183664
-452367326350260477
-822197518584447516
-370856573824921897
1166791472125841397
-917037947420281431
120806135546379028
-1185181835585957528
98059404551917626
-527728100570052645
590256043215123664
150223791112060116
-688617816394733464
1847190637771890564
369511350911830932
340724245129804126
-301273645593531052
11540860164538729
-1514149524385672879
399852443590129131
194413963308991596
241314868643542837
-1448657955314343896
1042545126569993290
-247591292442787314
689891775279759441
1103446870101783220
-1254392444698900214
59333439980362987
97964939069813429
127783237162738353
-475531176957524174
-104603703660563022
-169969226081184976
-999943895644877924
-1162915950960074631
411883063770537401
420586931231014542
802097843417902268
272739564538291921
-178598843508396837
-185157017179715364
716570173663731455
-241217970316185172
-49092337060793450
-1333716277275547919
-332353364007175289
-888411596703725229
163946565577577025
-66409654484578350
-1035509641878553958
782603942896193482
1751772262365886214
159340829496213533
616999922039113371
-1294269911116941090
902818773362963328
-492703439420379353
1472940467151884379
-118864007373785003
268527018171185199
2455389499689314
-164421384623011692
1066425965726929646
-5297372161748270
1203896553253644949
1124937694427840755
-1286500167514723548
755375994748281712
1203201070609647315
-596939449481661725
354669818235165237
1142739149535174363
6951576682431145
-483742588961738233
-882396788981201714
-652097657031661424
551641077626443729
-1129864514570552842
-422556601954642987
-1323508116780764751
-639504961611927408
816161530372246420
357484515321476783
-309010056789998897
21511489097427445
-1106658746765827395
508785966888840140
1312719622268053286
696221151614253
1422502749954553219
37666950945203740
-109860288159509469
875404960029963524
16736417251162427
-1008762383868506532
-390823348970522582
-200166611522955604
-932304073263362002
721127925689175305
-209628582837230372
-667145713200282270
-754998627693364580
-334684080305372529
-199548980151460269
-135584964094297443
813816932847200459
1138153323898471260
597179995978883972
677496122273254145
492811099755710316
1265211995137498909
-124411471210463671
-630011365704852468
524361168218285472
1771835062473879809
702522507240124191
-821638642141163547
-243306054471871855
1474585314533870994
-363183066998099061
-381169985993585299
-796110365970946536
-323519294188222491
-45739720096158284
-753545800495790341
11923062474062145
468846877923789956
-486992826608998614
1181598477206898062
487876304248835267
61408491657698722
-1148157268325022575
-1356801808703400120
654555437400205090
-522072605734792043
-64576801485109162
-130175467884200743
-24534347421405747
895719731577107289
1159270933936648346
91250983821388967
-20730562815296454
-1211477171563539661
-592011846107514248
-31837360283499173
674733481091616844
391990229936688155
-227353741821829179
1568111692453910908
246608691370870752
-1381236780478577390
-447197034184462423
-177033608739879691
636702983957205621
241467268014084054
2987135447842932
1007357961293323373
-520891616229386234
437155850665343626
1917353132727972423
-746141978818783547
-29491471968966403
-418696556872248176
-262676805379704041
1560564968145470224
403327117955529946
-507692938144850918
141568969237287865
530601921915945698
210704975552764124
628076143915937740
52497270466121333
762624172044190083
203354054047370428
297237478683833527
623398201979054948
-616267175717955847
719836234076833250
-1489162702708858549
875345990670408974
-340948671393463157
805677333250624633
137391989458068613
-1510153504386216178
960082430325172019
-370825050244914938
-498794210261561943
-402782805114005683
-473921323081396799
1284393606158030669
615208226174850718
1215886676343288890
-325805362573341635
86712502042698557
563380251562715381
-581344100849201691
-932287399494135308
-1446925552124968021
-533249445236891173
-20099891810151005
1436822813650121033
666272367059753833
847707932962419598
-776284154118566465
-1274292146977859518
752160802861366308
639460735543074092
-1157369405027824725
-119446468856436654
1639389769016270278
1206114513512029216
1266548356001726695
-22854389567891027
-53521076377752991
-812855416316200841
-781642834256306208
-1037154421727210279
578444693305759885
-128739163662117667
-938925562264133
511012807414245158
-277272595827162215
314740690863024820
1311041052225749076
-271015267793507005
-827455968030467659
-892763193461727268
268319712834861574
-1599337235016998016
490711345333039591
277810804381867584
655621647447382202
977518664002631872
1325317686398184598
-1219938906143607984
613512439399668593
-111505273010565217
290468115110726178
440560235290977893
-265538796880655023
4582376058150317
7108074706699298
-357248136918018217
-454278198405684399
-526776797015973834
798189659102667733
730745885959056562
-130322453455309801
318179281214742778
-198546022537385325
621736819891423984
21096437435150282
359925058948504829
-523414185270179827
364336684009266378
1179787586924226097
-538959633755123058
5678599568138931
-680982897900911245
261545467763315379
1351384426193042662
194243984469147101
-733974841990041333
1007958039011953591
362364856841910736
-771474600431274118
-749343449968502244
-781351530157826533
-1095218127140807174
-999806084553605464
449361243262182502
-814927127606146249
392116266480678224
-23887490435823443
-613241042730898790
-86536277694830996
1838493519390616139
247647996562673550
539306371316858628
-291451943645473226
-1608624392335266586
-158495621078513370
-443988207119035320
1621042334710659256
1869170173113266764
28857009223407885
-948813053858267533
688335117112742914
-1302499619529411450
-1148875113965635528
132302875125767452
1287867262707731793
-446870187211009645
1878551726874431871
1071583116954402290
-651283315897449388
146592331587908571
140510819364987737
1108473392437248533
1385206441485411101
-867474282879382196
1383186602061112826
1433338556476105729
-1266771688244190766
-1436223630750004182
700983528386742659
-250339782216226138
-504889918096092512
-663212367121804453
21713209149711596
1200778095553913887
136192036743559835
855781478527079108
-1777040744030247197
500514915200513447
910609961281034493
1369286435490430808
-110934405459896653
-179454382475749074
-154999788332821549
-528887043699211944
-1960986256251253871
-17946308789057295
103537163823206862
-239975389896769963
-1875180664890855348
75288811433411451
407579326729143747
-231557125739170987
248658551540122527
344344972923436871
114934119087107292
932277367700242431
-750665918838796955
474831779822166685
596139637144851414
-725117550743558516
919112351639589187
532469860146099591
-1115824872945870796
-399129613282577240
277599076758826523
563764932365882548
1042919938118376449
431448313444178663
1746084135349784158
-54862646791824237
-357785466340233738
985399994922584825
-300611506617988391
1020810290010743689
-323233247077595859
942931327081267345
-165609980449230518
-744702730365162064
4225752185453527
572025915326338388
1272186747535566512
137853657484407573
305495314478157764
-832033501120908407
1584564727334353444
1169841053022419927
540956189557209016
-200994487449467892
-158050177133937746
241912040477916852
-1188934429140174058
-365115459409766016
729308423528580441
137658103946775476
1155088492764839609
-346884349111860093
337999837144466785
708322483626262243
1322198357673686911
367551543723649989
1294649239765178785
-78489448604339414
85218002387446131
-523789124764962517
1188164888286735903
-1084759382674035053
-718458092155290601
285130430757244836
-288017740846298220
990084695478329962
-665893260432508957
406154113898533652
-502270987755953773
-476204079465989595
-419617768015488285
1509601309336688499
377260322615128602
-106145976860952132
-927292592562848846
-1499032313966785637
-820511555203602398
-999325417090668808
841232138852260856
-339322888582025328
876484523212961548
67276941717054678
-1392236659752284891
1421754151341865017
-722215856404901493
-698106002965087937
-540412792964074084
652272294322420750
638093544723151203
-379379338644639493
134366165288025737
353496898456437724
-583619201157719718
-260440953500024970
-494079066510843818
27586800999148559
1550360482287218768
392337028615279482
728870551520805432
-34962066055937853
797508487746486272
539463518305657076
802184692459567314
1036494214054576249
558631178823831663
-1072602583037787432
-55334991289480937
788757476520147018
-1165559380850390180
-85004369222834876
-1013765183342898373
-381619156446098667
-331240834055460199
641088323587156492
-854791097270527491
-719033209688377087
-54232998005949281
-39140784260317957
988841049858780253
430174658606089735
-247170938852811073
-879912409605233607
619406010074330865
159588434001766877
1146232033124678145
328560925500872281
-502005960399334235
-342867328902430778
605133106191754104
-294321784848227798
-547687831282503800
660358214335142385
1243533383162723100
-713486752922780308
827197487331258857
1490905221950123942
-40238906937704664
1459728671711013903
-1005704262014371919
-1697472009356032334
-240725343540851085
-1019444076932308615
634141013471090975
-76686063053400519
757729432710467567
-568253356702981670
-613286396341288103
793909797101859899
724931140974595654
-100721993820282596
-797257899488796813
-1139573532004218513
-663262948941444581
-724629646012209240
-1258906412927089381
-173196479190966849
1305687749992039577
-505105303306693075
-1088548770284489747
165778660352067036
-606168708535637385
-456587309115698523
1187054710237484248
-369209101768409213
-362056431465971124
509955564390516297
-563767568221285486
-550313849248790136
106595580597775464
1425236036547875523
-634323853919310661
-178227261234324203
-279201792396132966
-464063138079077760
-803518763470957659
-1083156088469894416
500779787976485840
147290451604129136
24422970855266276
-235129659880283223
1345340901926504493
727910560011791742
1428381910910633405
714285330128439471
496113131457368991
-1013880893472056404
898180166304629683
1078366393486293862
372317501391665616
721996632521559358
-1094294450945399759
-840705618288984896
-315158339283605292
414869845358613795
-70075323086015782
-531902244226926172
213391702353309733
1076320654239544152
277315041111921325
901020297168295393
-885417831951765209
-1072750408793777804
-246603677169887730
838296697326399722
-347105099967725781
-1046253675809609100
557639313818168955
-217063971861278892
-797424381781921003
924073764807362424
-536449222617836879
-221741230698698857
80360593622870073
1402740801165896023
-500895149001281501
469678905255555359
-215289905390425477
-1345088918735828693
1063943102733498438
132352478989935596
513220347004697934
-1342292652851717045
-849463826492146493
28187440567198553
-830869978895671183
960597130683795297
-921280248981690318
636220667254725148
77575015082246390
-379489965462313201
-1737930175486373139
-103166214563212865
-1938776546877728708
-1146421792350486218
108814760051782930
-431014490524719759
36737407453769046
574363624336430072
609900862193764931
719690403513545142
-1198031587557205320
1253085260563539256
486920875624297117
619916562435062389
-514265881064819404
119385724870765006
-505865393053200225
144974785805695950
573818431696197398
334459009249972551
-323589449460892704
-533929496642284405
90131672017276846
-600297710337702472
958454499177261114
-9283232192562525
1060928638144785236
948631065845479489
1039476735808690161
-207947915560976181
186899294570927556
458029224458944243
-1127871203986519282
-536327990750303706
-1026221114854499871
462564911526337560
-217221969819788484
-750843887517585603
324706397934217444
-816869124677032167
177616292245255047
816450767424272013
677884555648382391
-233967871229775910
276085434109755160
-249656818373857896
-44361714256361337
1241565249579193710
-642183565252959838
-283083598302197454
-776574838083735331
121725918245569118
-1059362211451934782
-497681574928592119
120221585781237964
-1817784184497987226
1396883925932430705
710312091254605015
392218325351008486
-851587684857211560
-1834901633931814945
-238137067632383136
-950948779571547056
-1466977166540199722
-714286870158683169
-1111185578339992639
1811071847371194850
247004126075006150
-5104788707185841
-382051536103423129
961821735359495115
-1172360276022840411
224372786817196283
-945143870088709421
1057831901533288081
-1121794650820860094
874355352720972073
-558826755449188218
1007664579146023622
56100093398828159
838936055780458689
-728873905603671202
-928558934675137956
876599196922769198
976360715470338792
1825802560956722988
-245021300783324259
-165812405530762876
-112399594465492820
-1295885628492339227
163354832679458608
-943813317382286675
151898516722240910
1488859969849263785
511745153985493545
-611834862507632481
-703868030948562662
778541677904170049
-98126700928904273
1390556197522609157
-584184175223936083
-508653447417495312
-251962251071778696
-1453467699630516147
1225769691106292824
-137482388679635547
303087413836739221
858814641692405824
678757846115670030
-1087579030986336722
1630154702492266224
-307391681080315733
-535491587829271160
-801805102685284358
888576312289551281
507428270373062479
-1531232322321095805
335465796118231131
-1170941681900473632
-559368150249095807
-362852018675168329
-1144529189254372020
-419044269381571211
86535329861099203
-1461368059479204457
912410921138269710
860663854591394234
42985708797857616
-1178298225946606493
690646885854723323
527475252848871420
-1214626785040540909
251251764154526819
209268907590932659
-1763725291505709749
-302180685352252406
263625237200491899
-746177908805009470
878892810742734509
11779338838116161
-1828971104702567078
322209117300858615
-1030001254213210780
-1075340831596405867
891026469359918450
273160223631925523
-966326163953221816
394264584404973086
-1383932065359251596
1107136897811880280
256483408330721313
-541133614760478041
1403242399281436806
-489065654205919526
-583737215933901681
-666572000756176263
-34978682531687197
507471057951084673
-42055614845107880
362317928060885173
906446993512278562
