27 
11 
5 
1 
27 
18 
9 
9 
19 29 
4 6 
24 
28 
11 
16 
1 
3 
6 
19 
3 
4 
8 
19 
10 
19 
11 
21 
3 21 
12 24 
2 
15 
27 
18 
1 21 
13 16 
15 
1 4 
12 
7 
28 
19 
26 
14 
27 
15 
26 
22 29 30 
6 
14 18 19 
4 8 
20 
5 
20 
10 
10 
8 
16 
4 
6 
22 
19 27 
6 
28 
15 
13 27 
17 
15 
28 
19 22 
13 
3 
13 
26 
8 26 
17 
20 
15 
23 
21 
4 15 23 29 
17 
7 
1 
5 8 
12 16 
8 
18 
8 
4 20 
15 
9 
7 10 
5 
18 
21 
8 27 
7 
11 
16 
13 
21 
13 
17 
17 
4 
20 
16 28 
27 
7 
1 
1 
2 13 28 
27 29 
17 
11 
5 
16 
2 17 
14 
12 
13 16 30 
29 
28 
13 28 
18 
8 
21 28 
18 
11 
15 25 
28 
5 28 
12 
3 
19 
9 
22 
18 30 
14 
22 
4 
13 
1 
13 16 
1 
2 
11 21 
3 
3 
5 
27 
11 
19 30 
7 
6 20 
20 
1 
23 
10 16 
6 
7 18 
1 
24 
18 
5 
15 18 
16 23 
17 
12 15 26 
27 
28 
20 
22 28 
5 
13 
21 
18 
13 
5 
15 
1 
20 
23 
16 
3 
3 
26 
7 
21 
27 
19 23 
11 13 
5 
19 
22 
2 25 
15 17 28 
6 12 16 27 
27 
2 
19 
15 
21 
14 
14 
7 
22 
5 
5 
19 
15 
22 
12 
14 
2 
23 
26 
3 
5 
14 
2 
12 
13 
26 
20 
15 
18 
1 14 
5 25 
30 
17 
8 
17 22 29 
12 
5 10 16 
11 
4 
6 
9 
12 
16 
23 
10 
26 
8 
23 
27 
4 7 
19 
23 
19 
3 
19 23 
16 
3 6 24 29 
4 
10 
18 
29 
6 
8 
28 
25 
25 
27 
3 
11 
19 26 
29 
14 
29 
9 
5 
5 
20 
10 
8 
18 
3 
21 
23 
2 
9 
5 14 26 
18 
30 
27 
29 
5 
9 
6 22 
25 
5 
5 
5 
12 
27 
14 22 
5 
8 26 
19 
5 14 27 
12 
12 
27 
22 29 
10 
22 
29 
12 
26 
6 28 
7 12 
28 
27 
12 
27 
2 
6 19 
1 
15 19 
2 
17 
6 24 
15 
13 
15 
12 
21 
9 
24 
1 2 20 
7 19 25 
12 21 
21 
30 
1 
30 
23 
23 25 
5 
25 
21 
28 
30 
21 
21 
16 
21 
4 10 
14 
7 
28 
21 
27 
8 
8 
27 
18 
15 
4 
6 25 
23 
22 
4 
4 
30 
17 
26 
28 
29 
2 7 30 
16 22 
4 26 
18 
9 15 
26 
11 
22 
18 
22 
11 
25 
25 
12 
22 
25 
27 
24 
8 
17 
10 
24 
24 
21 
7 
13 30 
6 
25 
18 
10 11 20 
10 26 
25 
11 12 
23 
9 20 
12 
11 
13 
28 
1 
9 23 
10 19 
16 
7 
27 
4 
28 
18 
8 
1 23 
30 
15 22 
8 
29 
9 
17 
28 
7 
23 
8 
4 
24 
4 
30 
19 26 
27 
6 
16 
23 
6 
3 
30 
4 25 
21 
13 
14 
6 27 
5 
23 
4 5 7 
23 27 
15 
11 
26 
23 
6 
17 
16 
1 
16 
1 14 
10 
29 
6 11 
24 
30 
22 
15 
13 
20 
5 
16 30 
3 
2 6 8 
26 
6 
25 
7 24 
12 
4 
12 
16 
5 
2 
22 
27 
19 
12 25 
11 28 
5 
23 
10 
7 
1 2 10 
15 23 
26 
24 
1 
4 24 
8 
3 
11 
11 
5 
4 
26 
10 14 25 
12 
12 
2 
10 
27 
2 
17 
7 
17 
13 17 
26 
20 
8 
16 22 
14 
20 
27 
27 
2 
13 
30 
23 
6 9 11 21 
25 
9 
13 
13 
20 24 
4 
28 
9 
19 
10 
8 
21 
21 
4 
30 
4 
17 
12 
28 
22 
20 
7 
1 14 
1 
2 27 
19 
17 19 
23 
27 
15 
24 
10 17 23 
11 29 
7 
10 15 20 
2 
9 
1 
12 
19 
5 
13 
22 
13 
4 
4 10 
19 
3 
5 11 
14 
8 16 27 
7 29 
11 
27 
6 
26 
14 
12 
28 
17 
2 7 17 18 
7 14 27 
6 
10 
18 
25 
14 
24 
5 
6 
28 
30 
8 
6 
8 
11 
24 
12 26 
22 
4 9 
21 24 
13 
21 26 27 
2 
11 
2 15 
15 21 
19 
27 
1 2 10 25 
2 
13 
25 27 
25 
24 
4 
24 
21 
11 
21 
18 30 
18 
30 
9 
4 
7 
10 11 15 17 24 28 
29 
15 
4 
14 
20 29 
1 
29 
15 
3 25 
23 
19 
17 
14 20 
9 
2 19 
9 
19 
29 
29 
13 
18 24 
9 22 
3 22 
4 
6 
10 
13 
23 
1 17 
10 
1 4 20 
25 
17 
28 
17 27 28 
23 
27 
13 
18 
23 
15 
12 30 
19 
19 27 
22 
9 
21 
9 
20 
10 29 
22 
29 
4 20 
4 
8 9 
4 
8 
28 
29 
8 
15 
9 
1 
13 
2 
17 
21 
26 
20 
27 
13 15 
29 
13 
14 
24 
4 
22 
2 
27 
3 18 
26 28 
5 9 
9 
23 
22 
6 
14 15 
8 
18 
16 
7 
21 
23 
5 7 21 
3 11 
27 
27 
5 22 
15 22 
14 
9 
10 22 29 
17 
22 
12 28 
8 10 20 
1 
22 
14 25 
10 24 
30 
7 
5 
5 
8 
7 28 
20 
19 
27 
12 23 
19 
4 7 
22 
12 
9 
19 
6 27 
22 
5 
28 
19 
2 
5 
19 
12 
30 
14 
9 15 
10 
3 
26 
17 
18 
24 
3 
8 
17 
9 30 
23 
28 
8 
10 
21 
30 
21 29 
25 
26 
4 
21 24 
4 
19 
30 
9 
29 
25 
2 
27 
23 
16 
30 
24 
28 
6 
6 17 
25 
22 
10 
20 
22 
7 24 
5 
6 7 
9 
5 22 
24 
27 
11 
24 
27 
6 
4 
11 
15 
7 
8 
16 
16 
19 
4 
24 
9 27 
16 
4 
20 
8 
6 
10 
17 
19 
13 
1 
28 
1 
11 
15 
15 
21 
7 
16 
19 
8 
14 
26 
13 
25 
2 
2 17 
23 
22 
6 14 
25 
19 
19 
22 
12 
17 
20 
19 
20 
11 
25 
25 
30 
19 
26 
1 
8 
17 
22 
9 
5 
19 
7 
20 
17 
8 
13 
16 
30 
11 
22 
21 
29 
7 13 
19 
5 
16 
7 
24 
19 
29 
11 
2 
3 25 
28 
13 
12 
2 
19 
26 
19 
3 
5 
22 25 26 
30 
16 
13 
6 
2 
17 
20 
29 
10 
20 
1 
9 
23 
24 
2 9 30 
10 25 
12 26 
6 
17 
21 
4 21 
1 
8 
1 19 
10 
18 25 
6 
12 
11 
27 
3 14 
17 
7 
21 
1 8 
12 
1 17 
12 
15 
9 17 
14 
20 
18 
26 
7 
18 
16 
8 
13 
29 
2 9 
26 
2 
16 
7 
18 
6 21 
3 
20 
1 
26 
5 
24 
3 16 
6 19 
14 
20 
6 
28 
1 
7 10 
5 
23 
12 21 
10 
19 
20 
2 
21 
