28 
13 
21 
3 
27 
27 
9 
15 
7 
13 
25 
23 
9 
16 
7 
21 
11 
10 
1 
3 
7 29 
29 
10 
19 
18 22 
16 
19 
25 
28 
17 
15 
3 4 
12 
13 
27 
28 
18 
19 
4 
30 
18 
12 
3 
22 
5 
7 18 21 
3 6 
9 
3 
15 
3 
6 
18 
9 
1 
16 
19 
29 
4 12 
24 
17 
9 12 18 
29 
8 29 
29 
6 23 
18 23 
23 
7 
1 
27 
30 
29 
1 
9 
14 
30 
20 
27 
2 3 30 
20 
10 
14 
11 
8 
1 
20 
21 
9 20 
21 26 
30 
16 
2 
21 
14 19 
21 
26 
17 25 
28 
15 23 
5 
3 
8 
8 
16 
25 
26 
8 
2 
19 
14 15 
3 5 
8 
12 
14 22 
28 
9 
5 
8 
18 30 
28 
26 
14 
17 
17 
23 
1 
7 
19 
11 
30 
7 
1 
23 
18 
7 12 
6 9 18 
20 25 
18 
1 
22 
28 
30 
26 
25 
12 
28 
25 
28 
9 
20 
21 
20 
15 
20 
4 11 
19 
11 
10 
28 
13 24 
13 
2 3 
2 10 
5 
19 
26 
30 
14 
29 
14 
16 
14 
8 
15 
10 
27 
21 
29 
16 
7 28 
5 
7 
19 
18 
2 
25 
27 
11 
27 
28 
22 
12 
19 
1 
23 
7 
6 
11 
5 
7 
28 
10 
5 
1 16 24 
19 
21 22 
23 28 
26 
1 
20 28 
30 
23 
6 
28 
18 
5 
16 
2 
6 
10 
24 
22 
30 
30 
28 
22 
19 
27 28 
6 
20 
3 
14 15 
19 
19 
12 
18 
13 
18 
18 
10 
11 
16 
2 
27 
29 
18 
22 
7 
21 
29 
28 
9 18 
28 29 
12 
27 
9 
16 
10 
6 
5 
16 
1 22 
1 
12 
8 19 
4 
26 
11 
16 
2 
25 
9 
19 
9 
24 
23 
24 
25 
12 
17 
27 
30 
24 
25 
22 23 
16 
25 
5 
19 
7 
17 
27 
14 
28 
1 
30 
5 
2 
24 
14 
13 
29 
17 
28 
14 25 
15 
6 
29 
9 
23 
8 
23 
27 
6 
13 
22 
24 
5 
12 
25 
1 
14 
28 
22 
10 
15 
23 
18 19 
25 
21 
25 
21 
25 
11 23 
1 
1 8 
8 
4 
3 26 
25 
13 
10 
25 
1 
15 
1 
4 
13 
12 
29 
25 
18 
6 
30 
7 9 
10 
18 24 
22 25 
23 
14 
13 
1 
4 
29 
6 
12 
22 
11 
15 
19 
16 
18 
1 3 23 
5 26 
11 
6 
15 21 
9 
28 
15 27 
11 
29 
1 7 
4 
10 25 
20 
8 15 
6 
22 
24 
25 
18 
20 
1 
10 
5 22 
27 
1 
17 
11 
26 
22 
8 
10 
1 
15 
5 
9 
17 
13 21 29 
21 
24 
9 
30 
3 
26 
15 
8 
5 
11 26 
20 
24 
21 
30 
2 3 8 22 26 
15 
27 
7 21 29 
11 
5 
20 
5 
9 13 25 
2 
15 
24 
6 
27 
5 9 
24 
22 
3 
24 
27 
11 
18 
22 
16 
1 3 
2 
13 
5 24 
13 
25 30 
8 
9 
11 24 
6 
24 
1 
7 
30 
17 
10 
13 
16 
8 
20 
22 
8 
5 
12 
3 
11 
10 
14 
21 
20 
4 
8 
13 17 
21 
21 
13 
29 
5 
2 
9 
19 
13 
27 
29 
25 
30 
1 
3 
8 
4 5 
11 
3 
30 
13 
18 
18 
16 
9 
25 
13 
20 
28 
26 
19 
1 8 19 
23 
29 
3 
14 
13 
22 
12 
26 30 
5 12 
14 
1 23 
2 
1 
30 
11 
19 
2 11 
9 
14 
1 
16 30 
19 21 
21 
19 
1 
10 
20 
24 
2 8 
8 
7 
15 
5 
15 
29 
12 
27 
5 
30 
26 
13 
23 
24 
27 30 
8 
7 
10 
24 
24 
22 30 
14 
13 
14 
23 
22 
15 
29 
24 
5 
25 
22 26 
13 
13 
14 
6 
15 
3 
27 
23 
23 
26 
27 
13 
25 
4 
4 
3 25 
30 
17 
1 15 
23 
15 
3 
30 
14 
18 
27 
10 
21 
3 
14 
26 
23 
16 26 
25 
12 16 
29 
23 
5 
10 
4 
15 
17 
24 
22 
23 
30 
8 
10 23 
11 
11 
14 
6 
18 
9 
15 
14 
25 
11 
21 
1 
8 
12 
9 
18 21 
1 
26 30 
27 
26 
29 
24 
9 
3 18 
17 
16 
9 
15 
24 
14 
9 28 
20 
30 
10 14 
23 
27 
3 
23 26 
26 
10 18 
18 
5 
10 
16 
19 
25 29 
20 
20 
5 28 
18 
14 
28 
5 
15 
10 
4 
29 
5 
20 
10 
5 
19 
3 
6 
27 
8 
26 
3 
15 
3 
2 
1 18 
1 
15 
13 
21 
1 
14 
5 
8 
25 
27 
26 
20 
9 
29 
2 
10 
2 
18 
27 
3 
15 
28 
1 
29 
6 
7 
3 
11 
19 23 
13 
9 
20 
24 
14 
17 
21 25 
18 
16 
12 15 
12 
16 
16 21 
14 
26 
22 
23 27 
24 
6 15 
1 6 14 
18 
7 
1 
15 
24 
25 
26 
11 
20 
8 
19 
28 
1 
22 
17 
14 
4 
4 11 
24 
2 8 
9 22 25 
3 
21 
16 29 
17 
1 
20 22 
15 
30 
14 
2 
11 
1 
19 
7 19 
3 
29 
30 
28 
4 
30 
20 
12 30 
13 
15 
26 
26 
17 
4 
2 
14 
3 
26 
21 
25 
15 
25 
16 
8 
15 
27 
3 21 
1 18 
15 
14 
15 
13 
3 
5 
29 
29 
24 
8 
10 
8 
2 20 
12 
7 
5 
21 
6 
1 
12 
7 
30 
21 
15 24 
10 
20 
1 
25 
22 
15 
14 
18 
14 
17 
24 
9 
22 
2 27 
20 21 
29 
17 
19 
11 13 
21 
17 
27 
24 
29 
3 
27 
22 
24 
10 
29 
29 
11 
11 
13 
17 
16 
15 
4 
1 
30 
26 
6 17 18 
26 
30 
25 
30 
21 
12 
9 
24 
30 
5 
11 30 
21 
27 
30 
13 
6 
1 
9 11 
13 
1 
21 
2 
7 
7 
25 
28 
25 
5 
2 
12 
7 
26 
14 
1 17 
5 
26 
25 
15 
8 
2 
19 
16 
24 
15 
17 
21 
18 
12 
12 
20 
24 
27 
12 
26 
15 21 
13 
9 
29 
18 
9 
18 
4 
12 
8 9 
27 29 
11 
18 
20 28 
17 
3 
6 
5 29 
16 
9 19 
30 
6 
16 
17 
5 
11 
14 24 
13 
14 
23 
19 
8 
10 
21 
6 18 
17 
22 
24 
16 
19 
14 
22 29 
10 
22 
23 
8 24 
12 
11 
4 
6 
5 
16 
8 10 
18 21 
5 9 
25 
26 
9 
6 
1 
21 
15 
11 27 
17 
30 
15 28 
23 27 
7 
3 
26 27 
10 
23 
21 