20 
17 
19 
13 
14 
26 
29 
3 
30 
14 
3 
9 
1 12 
30 
8 
20 
11 28 
10 
15 
28 
12 
16 
12 
21 
22 26 
16 
6 
22 
21 
16 
24 
1 
5 
13 
29 
1 6 10 
15 
27 
9 
27 
27 
6 
23 
20 
18 
11 
16 
4 
4 
8 
27 
26 
28 
19 
26 
22 25 
4 
15 
12 
15 17 
8 
11 
3 
5 10 
20 
18 
12 19 
22 
27 
20 
20 
10 
9 
25 
22 
9 
7 
27 
7 9 
15 
2 8 
16 
5 
14 
13 
5 
22 
12 
23 
26 
16 
16 
22 
1 
21 
13 
21 
15 
14 
7 
11 
15 
27 
15 
13 
9 
18 
10 
4 
12 
10 
20 
2 
25 
6 
27 
12 
3 
19 
13 
3 
22 
21 
21 
19 
28 
2 
1 22 
3 
16 
20 
27 
4 
3 4 
1 
27 
19 
5 
27 
2 
30 
11 
27 
23 
11 
29 
4 28 
8 
9 
12 18 
13 
15 
29 
17 
18 
23 
21 
6 
30 
10 22 
27 
7 
23 
29 
17 
6 
21 
28 
13 
4 
4 
22 
2 
3 
6 
8 15 
12 
8 
16 
13 
25 
3 
23 
8 
28 
9 
28 
11 
6 
10 
23 
30 
27 
17 
8 
2 
1 
13 
19 
25 
24 
14 
9 
20 
2 
11 
11 13 
26 
23 
13 
3 
1 
19 
30 
30 
28 
14 
20 
12 
15 
2 
15 
12 
17 
30 
24 
20 
3 
18 
6 
19 
13 
22 
29 
3 
13 
3 
23 
1 
4 
14 
17 
22 
9 
11 
14 
19 
10 
3 
5 
1 
13 
25 
19 
15 
8 
7 
12 
12 
13 
13 
19 
11 
7 
16 
20 
29 
10 
10 
7 19 
14 
8 
26 
18 
3 
4 
27 
8 
5 
30 
13 
1 16 22 
3 
6 
22 
30 
7 
10 
7 
20 
18 
4 
11 
4 
7 
3 6 
26 
24 
1 
15 
22 
4 
7 22 
25 
12 23 
29 
23 25 
8 
16 
19 
27 
21 
20 
22 
17 
14 
29 
19 
25 
11 
12 
24 
6 
19 
29 
9 
13 
17 
9 
9 
30 
14 
2 
13 
9 
15 
25 
27 
29 
1 6 
15 
6 
19 
28 
7 
17 
17 
8 
19 
23 
25 
29 
19 
26 
26 
25 
11 
15 
14 
2 
12 28 
4 8 
23 
8 
14 
8 
2 
21 
28 
21 
23 30 
19 
19 28 
22 
28 
19 
7 
30 
12 
6 
5 
22 
2 
14 17 
25 
12 
30 
17 
17 
17 
9 
26 28 
26 
25 
4 
30 
5 
14 
23 
16 
7 
12 
5 23 
3 
13 
23 
15 
3 17 
19 
27 
13 
1 
17 
25 
6 
1 
20 
29 
14 
18 
10 
12 
26 
1 
1 28 
7 22 25 
12 
24 28 
28 
4 
5 
12 27 
6 
3 
27 
4 
16 
16 
22 
24 
4 
3 
24 
27 
7 
4 
29 
13 
26 
9 
28 
11 
6 18 
10 
13 
16 30 
22 
14 
25 
5 
14 
20 
5 
3 
12 
12 
14 
18 
17 
24 
25 
21 
18 
27 
27 
26 
26 
19 
9 
11 
28 
30 
6 
29 
8 9 
11 
29 
25 
22 
14 
26 
18 
26 
23 
26 
10 
22 
3 
15 
4 
7 
9 
3 
16 
10 
3 
18 
20 
25 
13 
26 
20 
14 
25 
18 
6 
18 
7 
11 
30 
9 
22 
19 
11 
30 
24 
24 
6 
19 
11 
6 
10 
6 
30 
16 
29 
2 
17 
21 
4 
20 
22 
11 
16 
21 
19 
13 
19 
22 
19 
17 
26 
15 
3 
3 
2 4 
21 
1 
4 
6 
10 
25 
21 
21 
11 
30 
18 
22 
28 
2 
15 
21 
5 
30 
12 
5 
8 
8 
17 18 
18 
23 
27 
26 
22 
1 
14 
17 
24 
2 
12 
6 
10 13 17 
6 
7 
19 
30 
22 
8 18 
27 
24 
1 
14 
30 
13 
10 
9 
4 
20 
2 
13 
9 
12 
25 
26 
8 
1 
29 
18 
22 
28 
2 
3 
29 
11 
28 
6 
25 
5 
2 
9 
19 
2 
21 
8 
6 
26 
15 
21 
7 
20 
12 13 
3 
1 6 
20 
10 
30 
7 
11 
23 
12 
11 
1 
21 
10 
22 
13 
27 
26 
30 
7 
4 
18 
19 
26 
6 
3 
29 
3 
10 
11 
24 
5 
23 
6 
4 
27 
26 
4 
29 
30 
18 
17 
30 
19 
5 
3 
9 
28 
17 
29 
2 
15 
17 
14 
20 
17 
15 30 
5 
13 
2 
28 
15 
26 
19 
18 
30 
18 
16 
22 
23 
15 
28 
6 15 
26 
4 
17 
12 
21 
22 
25 
17 
27 29 
9 
30 
14 
8 
27 
6 
19 
18 
17 
6 
24 
30 
14 
20 
6 29 
3 
14 
20 
25 
20 
19 
12 17 27 
14 
29 
7 
6 
13 
18 
4 
11 
8 
22 
12 23 
9 
21 
17 
14 
18 
27 
15 
21 
20 
4 
2 
13 
9 
12 
18 
9 
19 
9 
11 
12 
16 
21 
10 
7 
6 
9 
1 
6 
17 
10 
21 
24 
19 
18 
13 
21 
4 
23 
24 
1 
19 
11 
6 22 
24 
20 
7 
16 17 
28 
5 
2 
17 
7 
7 
20 
5 
28 
27 
21 
13 
20 
8 
6 
29 
30 
19 
29 
5 7 
4 14 
15 
14 
7 
9 
2 
3 
2 
13 
29 
15 
10 
15 
1 
16 
3 
26 
18 
1 
3 
6 
21 
2 
23 
5 17 
9 
26 
17 
21 
7 
19 
12 
1 
17 
14 
24 
13 
8 
25 
3 
2 
2 
2 27 
25 
16 
18 
23 
12 
19 
25 
9 
24 
19 
2 
27 
26 
30 
23 
23 
19 
7 
24 
14 
8 
27 
11 
5 
7 
3 
9 
26 
10 
17 
28 
29 
22 
6 
13 20 
3 
28 
23 
6 
25 
22 
9 
28 
6 
4 
18 
5 
12 
18 
22 
10 
4 
14 
24 
30 
14 
14 18 
18 
21 
13 30 
17 
15 
5 
19 
27 
12 
23 
1 
13 
25 27 
18 
24 
24 
1 
25 
7 
20 
24 
14 
24 
22 
22 
14 
1 
11 
25 
7 
28 
5 
24 28 
12 
14 21 
4 20 
15 30 
22 
24 
25 
26 
13 
19 
4 
11 
28 
1 
6 
24 
29 
26 
17 
10 28 
27 
1 
23 
3 
1 
8 
21 
14 
17 
30 
7 
12 
19 
5 
1 
19 
5 
26 
17 
5 15 
6 14 
26 
3 
26 
7 